INFO: [VRFC 10-2263] Analyzing Verilog file "E:/eth_ddr3_hdmi/eth_ddr3_hdmi.sim/sim_1/impl/func/xsim/tb_img_data_generator_func_impl.v" into library xil_defaultlib
INFO: [VRFC 10-311] analyzing module OutputSERDES
INFO: [VRFC 10-311] analyzing module OutputSERDES_0
INFO: [VRFC 10-311] analyzing module OutputSERDES_2
INFO: [VRFC 10-311] analyzing module OutputSERDES_4
INFO: [VRFC 10-311] analyzing module ResetBridge
INFO: [VRFC 10-311] analyzing module SyncAsync
INFO: [VRFC 10-311] analyzing module TMDS_Encoder
INFO: [VRFC 10-311] analyzing module TMDS_Encoder_1
INFO: [VRFC 10-311] analyzing module TMDS_Encoder_3
INFO: [VRFC 10-311] analyzing module bram_hdmi_data
INFO: [VRFC 10-311] analyzing module clk_wiz_0
INFO: [VRFC 10-311] analyzing module clk_wiz_0_clk_wiz_0_clk_wiz
INFO: [VRFC 10-311] analyzing module datain_2_rgb
INFO: [VRFC 10-311] analyzing module hdmi_top
INFO: [VRFC 10-311] analyzing module img_data_generator
INFO: [VRFC 10-311] analyzing module rgb2dvi
INFO: [VRFC 10-311] analyzing module top_hdmi_test
INFO: [VRFC 10-311] analyzing module bram_hdmi_data_blk_mem_gen_generic_cstr
INFO: [VRFC 10-311] analyzing module bram_hdmi_data_blk_mem_gen_mux
INFO: [VRFC 10-311] analyzing module bram_hdmi_data_blk_mem_gen_prim_width
INFO: [VRFC 10-311] analyzing module bram_hdmi_data_blk_mem_gen_prim_width__parameterized11
INFO: [VRFC 10-311] analyzing module bram_hdmi_data_blk_mem_gen_prim_width__parameterized2
INFO: [VRFC 10-311] analyzing module bram_hdmi_data_blk_mem_gen_prim_width__parameterized34
INFO: [VRFC 10-311] analyzing module bram_hdmi_data_blk_mem_gen_prim_width__parameterized4
INFO: [VRFC 10-311] analyzing module bram_hdmi_data_blk_mem_gen_prim_width__parameterized7
INFO: [VRFC 10-311] analyzing module bram_hdmi_data_blk_mem_gen_prim_width__parameterized9
INFO: [VRFC 10-311] analyzing module bram_hdmi_data_blk_mem_gen_prim_wrapper_init
INFO: [VRFC 10-311] analyzing module bram_hdmi_data_blk_mem_gen_prim_wrapper_init__parameterized11
INFO: [VRFC 10-311] analyzing module bram_hdmi_data_blk_mem_gen_prim_wrapper_init__parameterized2
INFO: [VRFC 10-311] analyzing module bram_hdmi_data_blk_mem_gen_prim_wrapper_init__parameterized34
INFO: [VRFC 10-311] analyzing module bram_hdmi_data_blk_mem_gen_prim_wrapper_init__parameterized4
INFO: [VRFC 10-311] analyzing module bram_hdmi_data_blk_mem_gen_prim_wrapper_init__parameterized7
INFO: [VRFC 10-311] analyzing module bram_hdmi_data_blk_mem_gen_prim_wrapper_init__parameterized9
INFO: [VRFC 10-311] analyzing module bram_hdmi_data_blk_mem_gen_top
INFO: [VRFC 10-311] analyzing module bram_hdmi_data_blk_mem_gen_v8_4_3
INFO: [VRFC 10-311] analyzing module bram_hdmi_data_blk_mem_gen_v8_4_3_synth
INFO: [VRFC 10-311] analyzing module glbl
INFO: [VRFC 10-2263] Analyzing Verilog file "E:/eth_ddr3_hdmi/eth_ddr3_hdmi.srcs/sources_1/new/img_data_generator.v" into library xil_defaultlib
INFO: [VRFC 10-311] analyzing module img_data_generator
WARNING: [VRFC 10-3609] overwriting previous definition of module 'img_data_generator' [E:/eth_ddr3_hdmi/eth_ddr3_hdmi.srcs/sources_1/new/img_data_generator.v:23]
INFO: [VRFC 10-2263] Analyzing Verilog file "E:/eth_ddr3_hdmi/eth_ddr3_hdmi.srcs/sim_1/new/tb_img_data_generator.v" into library xil_defaultlib
INFO: [VRFC 10-311] analyzing module tb_img_data_generator
